Using pre-set license
Built from '2020.3/staging' branch; Version is '2020.3.4f1 (0abb6314276a) revision 703331'; Using compiler version '192528614'; Build Type 'Release'
OS: 'Windows 10 Home Single Language; OS build 19044.2251; Version 2009; 64bit' Language: 'en' Physical Memory: 8029 MB
BatchMode: 1, IsHumanControllingUs: 0, StartBugReporterOnCrash: 0, Is64bit: 1, IsPro: 0

 COMMAND LINE ARGUMENTS:
C:\Program Files\Unity\Hub\Editor\2020.3.4f1\Editor\Unity.exe
-adb2
-batchMode
-noUpm
-name
AssetImportWorker0
-projectPath
F:/Unity/Photon-Sample
-logFile
Logs/AssetImportWorker0.log
-srvPort
50208
Successfully changed project path to: F:/Unity/Photon-Sample
F:/Unity/Photon-Sample
Using Asset Import Pipeline V2.
Refreshing native plugins compatible for Editor in 46.43 ms, found 3 plugins.
Preloading 0 native plugins for Editor in 0.00 ms.
Initialize engine version: 2020.3.4f1 (0abb6314276a)
[Subsystems] Discovering subsystems at path C:/Program Files/Unity/Hub/Editor/2020.3.4f1/Editor/Data/Resources/UnitySubsystems
[Subsystems] Discovering subsystems at path F:/Unity/Photon-Sample/Assets
GfxDevice: creating device client; threaded=0
Direct3D:
    Version:  Direct3D 11.0 [level 11.1]
    Renderer: NVIDIA GeForce GTX 1650 (ID=0x1f91)
    Vendor:   
    VRAM:     3962 MB
    Driver:   26.21.14.4137
Initialize mono
Mono path[0] = 'C:/Program Files/Unity/Hub/Editor/2020.3.4f1/Editor/Data/Managed'
Mono path[1] = 'C:/Program Files/Unity/Hub/Editor/2020.3.4f1/Editor/Data/MonoBleedingEdge/lib/mono/unityjit'
Mono config path = 'C:/Program Files/Unity/Hub/Editor/2020.3.4f1/Editor/Data/MonoBleedingEdge/etc'
Using monoOptions --debugger-agent=transport=dt_socket,embedding=1,server=y,suspend=n,address=127.0.0.1:56616
Begin MonoManager ReloadAssembly
Registering precompiled unity dll's ...
Register platform support module: C:/Program Files/Unity/Hub/Editor/2020.3.4f1/Editor/Data/PlaybackEngines/WebGLSupport/UnityEditor.WebGL.Extensions.dll
Register platform support module: C:/Program Files/Unity/Hub/Editor/2020.3.4f1/Editor/Data/PlaybackEngines/WindowsStandaloneSupport/UnityEditor.WindowsStandalone.Extensions.dll
Registered in 0.003874 seconds.
Native extension for WindowsStandalone target not found
Native extension for WebGL target not found
Refreshing native plugins compatible for Editor in 45.06 ms, found 3 plugins.
Preloading 0 native plugins for Editor in 0.00 ms.
Mono: successfully reloaded assembly
- Completed reload, in  6.179 seconds
Platform modules already initialized, skipping
Registering precompiled user dll's ...
Registered in 0.809911 seconds.
Begin MonoManager ReloadAssembly
Native extension for WindowsStandalone target not found
Native extension for WebGL target not found
Refreshing native plugins compatible for Editor in 1.33 ms, found 3 plugins.
Preloading 0 native plugins for Editor in 0.00 ms.
Mono: successfully reloaded assembly
- Completed reload, in  1.373 seconds
Platform modules already initialized, skipping
========================================================================
Worker process is ready to serve import requests
Launched and connected shader compiler UnityShaderCompiler.exe after 0.08 seconds
Refreshing native plugins compatible for Editor in 0.73 ms, found 3 plugins.
Preloading 0 native plugins for Editor in 0.00 ms.
Unloading 1538 Unused Serialized files (Serialized files now loaded: 0)
System memory in use before: 72.3 MB.
System memory in use after: 72.3 MB.

Unloading 54 unused Assets to reduce memory usage. Loaded Objects now: 1942.
Total: 2.698400 ms (FindLiveObjects: 0.232500 ms CreateObjectMapping: 0.132500 ms MarkObjects: 2.205300 ms  DeleteObjects: 0.126900 ms)

========================================================================
Received Import Request.
  path: Assets/Scenes/RoomScene.unity
  artifactKey: Guid(cd62584d8919229469f621d088eebb65) Importer(815301076,1909f56bfc062723c751e8b465ee728b)
Start importing Assets/Scenes/RoomScene.unity using Guid(cd62584d8919229469f621d088eebb65) Importer(815301076,1909f56bfc062723c751e8b465ee728b)  -> (artifact id: '32be104920ff7ee9e99a96461f2a455b') in 0.024409 seconds
  Import took 0.111119 seconds .

========================================================================
Received Prepare
Refreshing native plugins compatible for Editor in 13.94 ms, found 3 plugins.
Preloading 0 native plugins for Editor in 0.00 ms.
Unloading 46 Unused Serialized files (Serialized files now loaded: 0)
System memory in use before: 42.4 MB.
System memory in use after: 42.5 MB.

Unloading 46 unused Assets to reduce memory usage. Loaded Objects now: 1942.
Total: 3.442200 ms (FindLiveObjects: 0.554000 ms CreateObjectMapping: 0.256700 ms MarkObjects: 2.547300 ms  DeleteObjects: 0.075900 ms)

========================================================================
Received Prepare
Registering precompiled user dll's ...
Registered in 0.203420 seconds.
Begin MonoManager ReloadAssembly
Native extension for WindowsStandalone target not found
Native extension for WebGL target not found
Refreshing native plugins compatible for Editor in 0.94 ms, found 3 plugins.
Preloading 0 native plugins for Editor in 0.00 ms.
Mono: successfully reloaded assembly
- Completed reload, in  0.831 seconds
Platform modules already initialized, skipping
Refreshing native plugins compatible for Editor in 0.56 ms, found 3 plugins.
Preloading 0 native plugins for Editor in 0.00 ms.
Unloading 1532 Unused Serialized files (Serialized files now loaded: 0)
System memory in use before: 72.1 MB.
System memory in use after: 72.1 MB.

Unloading 48 unused Assets to reduce memory usage. Loaded Objects now: 1946.
Total: 2.152400 ms (FindLiveObjects: 0.254800 ms CreateObjectMapping: 0.080300 ms MarkObjects: 1.750300 ms  DeleteObjects: 0.065800 ms)

========================================================================
Received Prepare
Refreshing native plugins compatible for Editor in 9.69 ms, found 3 plugins.
Preloading 0 native plugins for Editor in 0.00 ms.
Unloading 46 Unused Serialized files (Serialized files now loaded: 0)
System memory in use before: 42.6 MB.
System memory in use after: 42.7 MB.

Unloading 46 unused Assets to reduce memory usage. Loaded Objects now: 1946.
Total: 2.924600 ms (FindLiveObjects: 0.169100 ms CreateObjectMapping: 0.055700 ms MarkObjects: 2.638000 ms  DeleteObjects: 0.060900 ms)

========================================================================
Received Prepare
Registering precompiled user dll's ...
Registered in 0.005009 seconds.
Begin MonoManager ReloadAssembly
Native extension for WindowsStandalone target not found
Native extension for WebGL target not found
Refreshing native plugins compatible for Editor in 1.34 ms, found 3 plugins.
Preloading 0 native plugins for Editor in 0.00 ms.
Mono: successfully reloaded assembly
- Completed reload, in  1.207 seconds
Platform modules already initialized, skipping
Refreshing native plugins compatible for Editor in 1.26 ms, found 3 plugins.
Preloading 0 native plugins for Editor in 0.00 ms.
Unloading 1532 Unused Serialized files (Serialized files now loaded: 0)
System memory in use before: 72.1 MB.
System memory in use after: 72.2 MB.

Unloading 48 unused Assets to reduce memory usage. Loaded Objects now: 1950.
Total: 3.313700 ms (FindLiveObjects: 0.550400 ms CreateObjectMapping: 0.080700 ms MarkObjects: 2.573600 ms  DeleteObjects: 0.106000 ms)

========================================================================
Received Prepare
Registering precompiled user dll's ...
Registered in 0.182898 seconds.
Begin MonoManager ReloadAssembly
Native extension for WindowsStandalone target not found
Native extension for WebGL target not found
Refreshing native plugins compatible for Editor in 0.56 ms, found 3 plugins.
Preloading 0 native plugins for Editor in 0.00 ms.
Mono: successfully reloaded assembly
- Completed reload, in  0.764 seconds
Platform modules already initialized, skipping
Refreshing native plugins compatible for Editor in 0.57 ms, found 3 plugins.
Preloading 0 native plugins for Editor in 0.00 ms.
Unloading 1532 Unused Serialized files (Serialized files now loaded: 0)
System memory in use before: 72.1 MB.
System memory in use after: 72.2 MB.

Unloading 48 unused Assets to reduce memory usage. Loaded Objects now: 1954.
Total: 1.988600 ms (FindLiveObjects: 0.188600 ms CreateObjectMapping: 0.057900 ms MarkObjects: 1.673000 ms  DeleteObjects: 0.068000 ms)

========================================================================
Received Prepare
Registering precompiled user dll's ...
Registered in 0.004782 seconds.
Begin MonoManager ReloadAssembly
Native extension for WindowsStandalone target not found
Native extension for WebGL target not found
Refreshing native plugins compatible for Editor in 0.74 ms, found 3 plugins.
Preloading 0 native plugins for Editor in 0.00 ms.
Mono: successfully reloaded assembly
- Completed reload, in  1.109 seconds
Platform modules already initialized, skipping
Refreshing native plugins compatible for Editor in 1.18 ms, found 3 plugins.
Preloading 0 native plugins for Editor in 0.00 ms.
Unloading 1532 Unused Serialized files (Serialized files now loaded: 0)
System memory in use before: 72.1 MB.
System memory in use after: 72.2 MB.

Unloading 48 unused Assets to reduce memory usage. Loaded Objects now: 1958.
Total: 2.973100 ms (FindLiveObjects: 0.217800 ms CreateObjectMapping: 0.056800 ms MarkObjects: 2.623600 ms  DeleteObjects: 0.073400 ms)

========================================================================
Received Prepare
Registering precompiled user dll's ...
Registered in 0.080718 seconds.
Begin MonoManager ReloadAssembly
Native extension for WindowsStandalone target not found
Native extension for WebGL target not found
Refreshing native plugins compatible for Editor in 2.13 ms, found 3 plugins.
Preloading 0 native plugins for Editor in 0.00 ms.
Mono: successfully reloaded assembly
- Completed reload, in  2.019 seconds
Platform modules already initialized, skipping
Refreshing native plugins compatible for Editor in 1.36 ms, found 3 plugins.
Preloading 0 native plugins for Editor in 0.00 ms.
Unloading 1532 Unused Serialized files (Serialized files now loaded: 0)
System memory in use before: 72.2 MB.
System memory in use after: 72.2 MB.

Unloading 48 unused Assets to reduce memory usage. Loaded Objects now: 1962.
Total: 5.518300 ms (FindLiveObjects: 0.366700 ms CreateObjectMapping: 0.128000 ms MarkObjects: 4.887800 ms  DeleteObjects: 0.133400 ms)

========================================================================
Received Prepare
Registering precompiled user dll's ...
Registered in 0.011045 seconds.
Begin MonoManager ReloadAssembly
Native extension for WindowsStandalone target not found
Native extension for WebGL target not found
Refreshing native plugins compatible for Editor in 2.07 ms, found 3 plugins.
Preloading 0 native plugins for Editor in 0.00 ms.
Mono: successfully reloaded assembly
- Completed reload, in  1.900 seconds
Platform modules already initialized, skipping
Refreshing native plugins compatible for Editor in 1.27 ms, found 3 plugins.
Preloading 0 native plugins for Editor in 0.00 ms.
Unloading 1532 Unused Serialized files (Serialized files now loaded: 0)
System memory in use before: 72.2 MB.
System memory in use after: 72.3 MB.

Unloading 48 unused Assets to reduce memory usage. Loaded Objects now: 1966.
Total: 5.998800 ms (FindLiveObjects: 0.583800 ms CreateObjectMapping: 0.213100 ms MarkObjects: 5.072900 ms  DeleteObjects: 0.125600 ms)

========================================================================
Received Prepare
Refreshing native plugins compatible for Editor in 19.65 ms, found 3 plugins.
Preloading 0 native plugins for Editor in 0.00 ms.
Unloading 46 Unused Serialized files (Serialized files now loaded: 0)
System memory in use before: 42.7 MB.
System memory in use after: 42.8 MB.

Unloading 46 unused Assets to reduce memory usage. Loaded Objects now: 1966.
Total: 2.975500 ms (FindLiveObjects: 0.211000 ms CreateObjectMapping: 0.075900 ms MarkObjects: 2.615300 ms  DeleteObjects: 0.071600 ms)

========================================================================
Received Import Request.
  Time since last request: 7012.542265 seconds.
  path: Assets/Scenes/GameScene.unity
  artifactKey: Guid(3ee5a1b17ed73a8479c01a928a77cef5) Importer(815301076,1909f56bfc062723c751e8b465ee728b)
Start importing Assets/Scenes/GameScene.unity using Guid(3ee5a1b17ed73a8479c01a928a77cef5) Importer(815301076,1909f56bfc062723c751e8b465ee728b)  -> (artifact id: '825fdc9397cf7bc6bc07927676d61a34') in 0.067999 seconds
  Import took 0.099441 seconds .

========================================================================
Received Import Request.
  Time since last request: 22.990282 seconds.
  path: Assets/Scenes/RoomScene.unity
  artifactKey: Guid(cd62584d8919229469f621d088eebb65) Importer(815301076,1909f56bfc062723c751e8b465ee728b)
Start importing Assets/Scenes/RoomScene.unity using Guid(cd62584d8919229469f621d088eebb65) Importer(815301076,1909f56bfc062723c751e8b465ee728b)  -> (artifact id: 'e7a7deafd1a4b0d7327b38d1b6fa0971') in 0.007182 seconds
  Import took 0.213459 seconds .

========================================================================
Received Import Request.
  Time since last request: 13.493298 seconds.
  path: Assets/Plugins
  artifactKey: Guid(95a6304439834954eaa3b98c2223ab91) Importer(815301076,1909f56bfc062723c751e8b465ee728b)
Start importing Assets/Plugins using Guid(95a6304439834954eaa3b98c2223ab91) Importer(815301076,1909f56bfc062723c751e8b465ee728b)  -> (artifact id: '2e9110e9e6ed29f084a07c1f43f4538f') in 0.006742 seconds
  Import took 0.082318 seconds .

========================================================================
Received Prepare
Registering precompiled user dll's ...
Registered in 0.318222 seconds.
Begin MonoManager ReloadAssembly
Native extension for WindowsStandalone target not found
Native extension for WebGL target not found
Refreshing native plugins compatible for Editor in 0.59 ms, found 3 plugins.
Preloading 0 native plugins for Editor in 0.00 ms.
Mono: successfully reloaded assembly
- Completed reload, in  1.019 seconds
Platform modules already initialized, skipping
Refreshing native plugins compatible for Editor in 2.01 ms, found 3 plugins.
Preloading 0 native plugins for Editor in 0.00 ms.
Unloading 1532 Unused Serialized files (Serialized files now loaded: 0)
System memory in use before: 72.2 MB.
System memory in use after: 72.3 MB.

Unloading 48 unused Assets to reduce memory usage. Loaded Objects now: 1970.
Total: 1.837100 ms (FindLiveObjects: 0.147400 ms CreateObjectMapping: 0.048600 ms MarkObjects: 1.579000 ms  DeleteObjects: 0.060800 ms)

========================================================================
Received Import Request.
  Time since last request: 334.160370 seconds.
  path: Assets/Scenes/RoomScene.unity
  artifactKey: Guid(cd62584d8919229469f621d088eebb65) Importer(815301076,1909f56bfc062723c751e8b465ee728b)
Start importing Assets/Scenes/RoomScene.unity using Guid(cd62584d8919229469f621d088eebb65) Importer(815301076,1909f56bfc062723c751e8b465ee728b)  -> (artifact id: 'e11f52ad543df8d32022de865e753c83') in 0.014989 seconds
  Import took 0.235893 seconds .

========================================================================
Received Prepare
Refreshing native plugins compatible for Editor in 9.58 ms, found 3 plugins.
Preloading 0 native plugins for Editor in 0.00 ms.
Unloading 46 Unused Serialized files (Serialized files now loaded: 0)
System memory in use before: 42.7 MB.
System memory in use after: 42.8 MB.

Unloading 46 unused Assets to reduce memory usage. Loaded Objects now: 1970.
Total: 2.537100 ms (FindLiveObjects: 0.274600 ms CreateObjectMapping: 0.092900 ms MarkObjects: 2.109000 ms  DeleteObjects: 0.059300 ms)

========================================================================
Received Prepare
Registering precompiled user dll's ...
Registered in 0.069577 seconds.
Begin MonoManager ReloadAssembly
Native extension for WindowsStandalone target not found
Native extension for WebGL target not found
Refreshing native plugins compatible for Editor in 0.64 ms, found 3 plugins.
Preloading 0 native plugins for Editor in 0.00 ms.
Mono: successfully reloaded assembly
- Completed reload, in  0.855 seconds
Platform modules already initialized, skipping
Refreshing native plugins compatible for Editor in 0.64 ms, found 3 plugins.
Preloading 0 native plugins for Editor in 0.00 ms.
Unloading 1532 Unused Serialized files (Serialized files now loaded: 0)
System memory in use before: 72.2 MB.
System memory in use after: 72.3 MB.

Unloading 48 unused Assets to reduce memory usage. Loaded Objects now: 1974.
Total: 2.192200 ms (FindLiveObjects: 0.238000 ms CreateObjectMapping: 0.085300 ms MarkObjects: 1.796600 ms  DeleteObjects: 0.071300 ms)

========================================================================
Received Prepare
Refreshing native plugins compatible for Editor in 8.96 ms, found 3 plugins.
Preloading 0 native plugins for Editor in 0.00 ms.
Unloading 46 Unused Serialized files (Serialized files now loaded: 0)
System memory in use before: 42.7 MB.
System memory in use after: 42.8 MB.

Unloading 46 unused Assets to reduce memory usage. Loaded Objects now: 1974.
Total: 3.353300 ms (FindLiveObjects: 0.356800 ms CreateObjectMapping: 0.108700 ms MarkObjects: 2.789400 ms  DeleteObjects: 0.088900 ms)

========================================================================
Received Prepare
Refreshing native plugins compatible for Editor in 9.50 ms, found 3 plugins.
Preloading 0 native plugins for Editor in 0.00 ms.
Unloading 46 Unused Serialized files (Serialized files now loaded: 0)
System memory in use before: 42.7 MB.
System memory in use after: 42.8 MB.

Unloading 46 unused Assets to reduce memory usage. Loaded Objects now: 1974.
Total: 3.497700 ms (FindLiveObjects: 0.218000 ms CreateObjectMapping: 0.059300 ms MarkObjects: 3.158200 ms  DeleteObjects: 0.060900 ms)

========================================================================
Received Prepare
Refreshing native plugins compatible for Editor in 545.95 ms, found 3 plugins.
Preloading 0 native plugins for Editor in 0.00 ms.
Unloading 46 Unused Serialized files (Serialized files now loaded: 0)
System memory in use before: 42.7 MB.
System memory in use after: 42.8 MB.

Unloading 46 unused Assets to reduce memory usage. Loaded Objects now: 1974.
Total: 3.116200 ms (FindLiveObjects: 0.248200 ms CreateObjectMapping: 0.073800 ms MarkObjects: 2.710800 ms  DeleteObjects: 0.081100 ms)

========================================================================
Received Prepare
Registering precompiled user dll's ...
Registered in 0.369944 seconds.
Begin MonoManager ReloadAssembly
Native extension for WindowsStandalone target not found
Native extension for WebGL target not found
Refreshing native plugins compatible for Editor in 2.26 ms, found 3 plugins.
Preloading 0 native plugins for Editor in 0.00 ms.
Mono: successfully reloaded assembly
- Completed reload, in  3.527 seconds
Platform modules already initialized, skipping
Refreshing native plugins compatible for Editor in 2.72 ms, found 3 plugins.
Preloading 0 native plugins for Editor in 0.00 ms.
Unloading 1532 Unused Serialized files (Serialized files now loaded: 0)
System memory in use before: 72.2 MB.
System memory in use after: 72.3 MB.

Unloading 48 unused Assets to reduce memory usage. Loaded Objects now: 1978.
Total: 12.593200 ms (FindLiveObjects: 0.912500 ms CreateObjectMapping: 0.259200 ms MarkObjects: 10.703000 ms  DeleteObjects: 0.713400 ms)

========================================================================
Received Prepare
Registering precompiled user dll's ...
Registered in 0.006404 seconds.
Begin MonoManager ReloadAssembly
Native extension for WindowsStandalone target not found
Native extension for WebGL target not found
Refreshing native plugins compatible for Editor in 0.94 ms, found 3 plugins.
Preloading 0 native plugins for Editor in 0.00 ms.
Mono: successfully reloaded assembly
- Completed reload, in  1.932 seconds
Platform modules already initialized, skipping
Refreshing native plugins compatible for Editor in 1.31 ms, found 3 plugins.
Preloading 0 native plugins for Editor in 0.00 ms.
Unloading 1532 Unused Serialized files (Serialized files now loaded: 0)
System memory in use before: 72.2 MB.
System memory in use after: 72.3 MB.

Unloading 48 unused Assets to reduce memory usage. Loaded Objects now: 1982.
Total: 3.795300 ms (FindLiveObjects: 0.313200 ms CreateObjectMapping: 0.114300 ms MarkObjects: 3.254100 ms  DeleteObjects: 0.111400 ms)

========================================================================
Received Prepare
Refreshing native plugins compatible for Editor in 24.95 ms, found 3 plugins.
Preloading 0 native plugins for Editor in 0.00 ms.
Unloading 46 Unused Serialized files (Serialized files now loaded: 0)
System memory in use before: 42.7 MB.
System memory in use after: 42.8 MB.

Unloading 46 unused Assets to reduce memory usage. Loaded Objects now: 1982.
Total: 13.013900 ms (FindLiveObjects: 1.939600 ms CreateObjectMapping: 0.864600 ms MarkObjects: 9.549400 ms  DeleteObjects: 0.648800 ms)

========================================================================
Received Prepare
Refreshing native plugins compatible for Editor in 46.80 ms, found 3 plugins.
Preloading 0 native plugins for Editor in 0.00 ms.
Unloading 46 Unused Serialized files (Serialized files now loaded: 0)
System memory in use before: 42.7 MB.
System memory in use after: 42.8 MB.

Unloading 46 unused Assets to reduce memory usage. Loaded Objects now: 1982.
Total: 8.412600 ms (FindLiveObjects: 0.595300 ms CreateObjectMapping: 0.148200 ms MarkObjects: 7.393100 ms  DeleteObjects: 0.268500 ms)

========================================================================
Received Prepare
Registering precompiled user dll's ...
Registered in 0.297376 seconds.
Begin MonoManager ReloadAssembly
Native extension for WindowsStandalone target not found
Native extension for WebGL target not found
Refreshing native plugins compatible for Editor in 2.35 ms, found 3 plugins.
Preloading 0 native plugins for Editor in 0.00 ms.
Mono: successfully reloaded assembly
- Completed reload, in  4.752 seconds
Platform modules already initialized, skipping
Refreshing native plugins compatible for Editor in 3.82 ms, found 3 plugins.
Preloading 0 native plugins for Editor in 0.00 ms.
Unloading 1532 Unused Serialized files (Serialized files now loaded: 0)
System memory in use before: 72.2 MB.
System memory in use after: 72.3 MB.

Unloading 48 unused Assets to reduce memory usage. Loaded Objects now: 1986.
Total: 10.914100 ms (FindLiveObjects: 0.752600 ms CreateObjectMapping: 0.209700 ms MarkObjects: 9.536200 ms  DeleteObjects: 0.411500 ms)

========================================================================
Received Prepare
Refreshing native plugins compatible for Editor in 23.77 ms, found 3 plugins.
Preloading 0 native plugins for Editor in 0.00 ms.
Unloading 46 Unused Serialized files (Serialized files now loaded: 0)
System memory in use before: 42.8 MB.
System memory in use after: 42.8 MB.

Unloading 46 unused Assets to reduce memory usage. Loaded Objects now: 1986.
Total: 5.499100 ms (FindLiveObjects: 0.470900 ms CreateObjectMapping: 0.164700 ms MarkObjects: 4.699200 ms  DeleteObjects: 0.162100 ms)

========================================================================
Received Prepare
Registering precompiled user dll's ...
Registered in 0.121490 seconds.
Begin MonoManager ReloadAssembly
Native extension for WindowsStandalone target not found
Native extension for WebGL target not found
Refreshing native plugins compatible for Editor in 1.73 ms, found 3 plugins.
Preloading 0 native plugins for Editor in 0.00 ms.
Mono: successfully reloaded assembly
- Completed reload, in  2.424 seconds
Platform modules already initialized, skipping
Refreshing native plugins compatible for Editor in 2.94 ms, found 3 plugins.
Preloading 0 native plugins for Editor in 0.00 ms.
Unloading 1532 Unused Serialized files (Serialized files now loaded: 0)
System memory in use before: 72.2 MB.
System memory in use after: 72.3 MB.

Unloading 48 unused Assets to reduce memory usage. Loaded Objects now: 1990.
Total: 5.179900 ms (FindLiveObjects: 0.255900 ms CreateObjectMapping: 0.094000 ms MarkObjects: 4.638800 ms  DeleteObjects: 0.189000 ms)

========================================================================
Received Prepare
Refreshing native plugins compatible for Editor in 63.52 ms, found 3 plugins.
Preloading 0 native plugins for Editor in 0.00 ms.
Unloading 46 Unused Serialized files (Serialized files now loaded: 0)
System memory in use before: 42.8 MB.
System memory in use after: 42.9 MB.

Unloading 46 unused Assets to reduce memory usage. Loaded Objects now: 1990.
Total: 3.959800 ms (FindLiveObjects: 0.341700 ms CreateObjectMapping: 0.107100 ms MarkObjects: 3.303700 ms  DeleteObjects: 0.205000 ms)

========================================================================
Received Prepare
Refreshing native plugins compatible for Editor in 8.20 ms, found 3 plugins.
Preloading 0 native plugins for Editor in 0.00 ms.
Unloading 46 Unused Serialized files (Serialized files now loaded: 0)
System memory in use before: 42.8 MB.
System memory in use after: 42.9 MB.

Unloading 46 unused Assets to reduce memory usage. Loaded Objects now: 1990.
Total: 2.012400 ms (FindLiveObjects: 0.200600 ms CreateObjectMapping: 0.072300 ms MarkObjects: 1.674700 ms  DeleteObjects: 0.064100 ms)

========================================================================
Received Import Request.
  Time since last request: 7385.034133 seconds.
  path: Assets/Scenes/GameScene.unity
  artifactKey: Guid(3ee5a1b17ed73a8479c01a928a77cef5) Importer(815301076,1909f56bfc062723c751e8b465ee728b)
Start importing Assets/Scenes/GameScene.unity using Guid(3ee5a1b17ed73a8479c01a928a77cef5) Importer(815301076,1909f56bfc062723c751e8b465ee728b)  -> (artifact id: '89a0306a121fa29b665015a065def2e0') in 0.286647 seconds
  Import took 0.454323 seconds .

========================================================================
Received Import Request.
  Time since last request: 0.035562 seconds.
  path: Assets/Scenes/GameScene.unity
  artifactKey: Guid(3ee5a1b17ed73a8479c01a928a77cef5) Importer(815301076,1909f56bfc062723c751e8b465ee728b)
Start importing Assets/Scenes/GameScene.unity using Guid(3ee5a1b17ed73a8479c01a928a77cef5) Importer(815301076,1909f56bfc062723c751e8b465ee728b)  -> (artifact id: '89a0306a121fa29b665015a065def2e0') in 0.019011 seconds
  Import took 0.021687 seconds .

========================================================================
Received Prepare
Registering precompiled user dll's ...
Registered in 0.090929 seconds.
Begin MonoManager ReloadAssembly
Native extension for WindowsStandalone target not found
Native extension for WebGL target not found
Refreshing native plugins compatible for Editor in 2.49 ms, found 3 plugins.
Preloading 0 native plugins for Editor in 0.00 ms.
Mono: successfully reloaded assembly
- Completed reload, in  1.452 seconds
Platform modules already initialized, skipping
Refreshing native plugins compatible for Editor in 1.10 ms, found 3 plugins.
Preloading 0 native plugins for Editor in 0.00 ms.
Unloading 1532 Unused Serialized files (Serialized files now loaded: 0)
System memory in use before: 72.3 MB.
System memory in use after: 72.3 MB.

Unloading 48 unused Assets to reduce memory usage. Loaded Objects now: 1994.
Total: 4.540300 ms (FindLiveObjects: 1.074700 ms CreateObjectMapping: 0.132300 ms MarkObjects: 3.167900 ms  DeleteObjects: 0.160100 ms)

========================================================================
Received Prepare
Refreshing native plugins compatible for Editor in 10.33 ms, found 3 plugins.
Preloading 0 native plugins for Editor in 0.00 ms.
Unloading 46 Unused Serialized files (Serialized files now loaded: 0)
System memory in use before: 42.8 MB.
System memory in use after: 42.9 MB.

Unloading 46 unused Assets to reduce memory usage. Loaded Objects now: 1994.
Total: 2.331600 ms (FindLiveObjects: 0.164300 ms CreateObjectMapping: 0.045900 ms MarkObjects: 2.057000 ms  DeleteObjects: 0.063100 ms)

========================================================================
Received Prepare
Registering precompiled user dll's ...
Registered in 0.018323 seconds.
Begin MonoManager ReloadAssembly
Native extension for WindowsStandalone target not found
Native extension for WebGL target not found
Refreshing native plugins compatible for Editor in 2.13 ms, found 3 plugins.
Preloading 0 native plugins for Editor in 0.00 ms.
Mono: successfully reloaded assembly
- Completed reload, in  3.385 seconds
Platform modules already initialized, skipping
Refreshing native plugins compatible for Editor in 2.17 ms, found 3 plugins.
Preloading 0 native plugins for Editor in 0.00 ms.
Unloading 1532 Unused Serialized files (Serialized files now loaded: 0)
System memory in use before: 72.3 MB.
System memory in use after: 72.3 MB.

Unloading 48 unused Assets to reduce memory usage. Loaded Objects now: 1998.
Total: 6.826300 ms (FindLiveObjects: 0.794700 ms CreateObjectMapping: 0.289300 ms MarkObjects: 5.492400 ms  DeleteObjects: 0.245400 ms)

========================================================================
Received Prepare
Registering precompiled user dll's ...
Registered in 0.007433 seconds.
Begin MonoManager ReloadAssembly
Native extension for WindowsStandalone target not found
Native extension for WebGL target not found
Refreshing native plugins compatible for Editor in 1.79 ms, found 3 plugins.
Preloading 0 native plugins for Editor in 0.00 ms.
Mono: successfully reloaded assembly
- Completed reload, in  2.439 seconds
Platform modules already initialized, skipping
Refreshing native plugins compatible for Editor in 2.32 ms, found 3 plugins.
Preloading 0 native plugins for Editor in 0.00 ms.
Unloading 1532 Unused Serialized files (Serialized files now loaded: 0)
System memory in use before: 72.3 MB.
System memory in use after: 72.4 MB.

Unloading 48 unused Assets to reduce memory usage. Loaded Objects now: 2002.
Total: 9.444600 ms (FindLiveObjects: 1.109100 ms CreateObjectMapping: 0.354800 ms MarkObjects: 7.627900 ms  DeleteObjects: 0.347700 ms)

========================================================================
Received Prepare
Registering precompiled user dll's ...
Registered in 0.923166 seconds.
Begin MonoManager ReloadAssembly
Native extension for WindowsStandalone target not found
Native extension for WebGL target not found
Refreshing native plugins compatible for Editor in 1.29 ms, found 3 plugins.
Preloading 0 native plugins for Editor in 0.00 ms.
Mono: successfully reloaded assembly
- Completed reload, in  2.901 seconds
Platform modules already initialized, skipping
Refreshing native plugins compatible for Editor in 1.73 ms, found 3 plugins.
Preloading 0 native plugins for Editor in 0.00 ms.
Unloading 1532 Unused Serialized files (Serialized files now loaded: 0)
System memory in use before: 72.3 MB.
System memory in use after: 72.4 MB.

Unloading 48 unused Assets to reduce memory usage. Loaded Objects now: 2006.
Total: 4.396300 ms (FindLiveObjects: 0.299400 ms CreateObjectMapping: 0.117200 ms MarkObjects: 3.771200 ms  DeleteObjects: 0.206300 ms)

========================================================================
Received Prepare
Registering precompiled user dll's ...
Registered in 0.011423 seconds.
Begin MonoManager ReloadAssembly
Native extension for WindowsStandalone target not found
Native extension for WebGL target not found
Refreshing native plugins compatible for Editor in 2.45 ms, found 3 plugins.
Preloading 0 native plugins for Editor in 0.00 ms.
Mono: successfully reloaded assembly
- Completed reload, in  3.452 seconds
Platform modules already initialized, skipping
Refreshing native plugins compatible for Editor in 3.43 ms, found 3 plugins.
Preloading 0 native plugins for Editor in 0.00 ms.
Unloading 1532 Unused Serialized files (Serialized files now loaded: 0)
System memory in use before: 72.3 MB.
System memory in use after: 72.4 MB.

Unloading 48 unused Assets to reduce memory usage. Loaded Objects now: 2010.
Total: 10.355900 ms (FindLiveObjects: 1.493200 ms CreateObjectMapping: 0.805800 ms MarkObjects: 7.861100 ms  DeleteObjects: 0.189500 ms)

AssetImportWorkerClient::OnTransportError - code=2 error=End of file
